0 verbose cli /usr/local/bin/node /opt/homebrew/bin/npm
1 info using npm@11.12.0
2 info using node@v24.14.0
3 silly config load:file:/opt/homebrew/lib/node_modules/npm/npmrc
4 silly config load:file:/Users/shivam/Downloads/Current Projects/StudentResource/.npmrc
5 silly config load:file:/Users/shivam/.npmrc
6 silly config load:file:/opt/homebrew/etc/npmrc
7 verbose title npm install
8 verbose argv "install"
9 verbose logfile logs-max:10 dir:/Users/shivam/Downloads/Current Projects/StudentResource/.npm-cache/_logs/2026-04-02T19_33_14_092Z-
10 verbose logfile /Users/shivam/Downloads/Current Projects/StudentResource/.npm-cache/_logs/2026-04-02T19_33_14_092Z-debug-0.log
11 silly logfile done cleaning log files
12 silly packumentCache heap:2348810240 maxSize:587202560 maxEntrySize:293601280
13 silly idealTree buildDeps
14 silly reify moves {}
15 silly audit bulk request {
15 silly audit   '@ast-grep/napi': [ '0.40.5' ],
15 silly audit   '@ast-grep/napi-darwin-arm64': [ '0.40.5' ],
15 silly audit   '@ast-grep/napi-darwin-x64': [ '0.40.5' ],
15 silly audit   '@ast-grep/napi-linux-arm64-gnu': [ '0.40.5' ],
15 silly audit   '@ast-grep/napi-linux-arm64-musl': [ '0.40.5' ],
15 silly audit   '@ast-grep/napi-linux-x64-gnu': [ '0.40.5' ],
15 silly audit   '@ast-grep/napi-linux-x64-musl': [ '0.40.5' ],
15 silly audit   '@ast-grep/napi-win32-arm64-msvc': [ '0.40.5' ],
15 silly audit   '@ast-grep/napi-win32-ia32-msvc': [ '0.40.5' ],
15 silly audit   '@ast-grep/napi-win32-x64-msvc': [ '0.40.5' ],
15 silly audit   '@aws-crypto/crc32': [ '5.2.0' ],
15 silly audit   '@aws-crypto/crc32c': [ '5.2.0' ],
15 silly audit   '@aws-crypto/sha1-browser': [ '5.2.0' ],
15 silly audit   '@smithy/is-array-buffer': [ '2.2.0', '4.2.2' ],
15 silly audit   '@smithy/util-buffer-from': [ '2.2.0', '4.2.2' ],
15 silly audit   '@smithy/util-utf8': [ '2.3.0', '4.2.2' ],
15 silly audit   '@aws-crypto/sha256-browser': [ '5.2.0' ],
15 silly audit   '@aws-crypto/sha256-js': [ '5.2.0' ],
15 silly audit   '@aws-crypto/supports-web-crypto': [ '5.2.0' ],
15 silly audit   '@aws-crypto/util': [ '5.2.0' ],
15 silly audit   '@aws-sdk/client-cloudfront': [ '3.984.0' ],
15 silly audit   '@aws-sdk/client-dynamodb': [ '3.984.0' ],
15 silly audit   '@aws-sdk/client-lambda': [ '3.984.0' ],
15 silly audit   '@aws-sdk/client-s3': [ '3.984.0' ],
15 silly audit   '@aws-sdk/client-sqs': [ '3.984.0' ],
15 silly audit   '@aws-sdk/core': [ '3.973.26' ],
15 silly audit   '@aws-sdk/crc64-nvme': [ '3.972.5' ],
15 silly audit   '@aws-sdk/credential-provider-env': [ '3.972.24' ],
15 silly audit   '@aws-sdk/credential-provider-http': [ '3.972.26' ],
15 silly audit   '@aws-sdk/credential-provider-ini': [ '3.972.28' ],
15 silly audit   '@aws-sdk/credential-provider-login': [ '3.972.28' ],
15 silly audit   '@aws-sdk/credential-provider-node': [ '3.972.29' ],
15 silly audit   '@aws-sdk/credential-provider-process': [ '3.972.24' ],
15 silly audit   '@aws-sdk/credential-provider-sso': [ '3.972.28' ],
15 silly audit   '@aws-sdk/credential-provider-web-identity': [ '3.972.28' ],
15 silly audit   '@aws-sdk/dynamodb-codec': [ '3.972.27' ],
15 silly audit   '@aws-sdk/endpoint-cache': [ '3.972.5' ],
15 silly audit   '@aws-sdk/middleware-bucket-endpoint': [ '3.972.8' ],
15 silly audit   '@aws-sdk/middleware-endpoint-discovery': [ '3.972.9' ],
15 silly audit   '@aws-sdk/middleware-expect-continue': [ '3.972.8' ],
15 silly audit   '@aws-sdk/middleware-flexible-checksums': [ '3.974.6' ],
15 silly audit   '@aws-sdk/middleware-host-header': [ '3.972.8' ],
15 silly audit   '@aws-sdk/middleware-location-constraint': [ '3.972.8' ],
15 silly audit   '@aws-sdk/middleware-logger': [ '3.972.8' ],
15 silly audit   '@aws-sdk/middleware-recursion-detection': [ '3.972.9' ],
15 silly audit   '@aws-sdk/middleware-sdk-s3': [ '3.972.27' ],
15 silly audit   '@aws-sdk/middleware-sdk-sqs': [ '3.972.18' ],
15 silly audit   '@aws-sdk/middleware-ssec': [ '3.972.8' ],
15 silly audit   '@aws-sdk/middleware-user-agent': [ '3.972.28' ],
15 silly audit   '@aws-sdk/util-endpoints': [ '3.996.5', '3.984.0' ],
15 silly audit   '@aws-sdk/nested-clients': [ '3.996.18' ],
15 silly audit   '@aws-sdk/region-config-resolver': [ '3.972.10' ],
15 silly audit   '@aws-sdk/signature-v4-multi-region': [ '3.984.0' ],
15 silly audit   '@aws-sdk/token-providers': [ '3.1021.0' ],
15 silly audit   '@aws-sdk/types': [ '3.973.6' ],
15 silly audit   '@aws-sdk/util-arn-parser': [ '3.972.3' ],
15 silly audit   '@aws-sdk/util-locate-window': [ '3.965.5' ],
15 silly audit   '@aws-sdk/util-user-agent-browser': [ '3.972.8' ],
15 silly audit   '@aws-sdk/util-user-agent-node': [ '3.973.14' ],
15 silly audit   '@aws-sdk/xml-builder': [ '3.972.16' ],
15 silly audit   '@aws/lambda-invoke-store': [ '0.2.4' ],
15 silly audit   '@babel/code-frame': [ '7.29.0' ],
15 silly audit   '@babel/compat-data': [ '7.29.0' ],
15 silly audit   '@babel/core': [ '7.29.0' ],
15 silly audit   '@babel/generator': [ '7.29.1' ],
15 silly audit   '@babel/helper-compilation-targets': [ '7.28.6' ],
15 silly audit   '@babel/helper-globals': [ '7.28.0' ],
15 silly audit   '@babel/helper-module-imports': [ '7.28.6' ],
15 silly audit   '@babel/helper-module-transforms': [ '7.28.6' ],
15 silly audit   '@babel/helper-string-parser': [ '7.27.1' ],
15 silly audit   '@babel/helper-validator-identifier': [ '7.28.5' ],
15 silly audit   '@babel/helper-validator-option': [ '7.27.1' ],
15 silly audit   '@babel/helpers': [ '7.29.2' ],
15 silly audit   '@babel/parser': [ '7.29.2' ],
15 silly audit   '@babel/template': [ '7.28.6' ],
15 silly audit   '@babel/traverse': [ '7.29.0' ],
15 silly audit   '@babel/types': [ '7.29.0' ],
15 silly audit   '@cloudflare/kv-asset-handler': [ '0.4.2' ],
15 silly audit   '@cloudflare/unenv-preset': [ '2.16.0' ],
15 silly audit   '@cloudflare/workerd-darwin-64': [ '1.20260401.1' ],
15 silly audit   '@cloudflare/workerd-darwin-arm64': [ '1.20260401.1' ],
15 silly audit   '@cloudflare/workerd-linux-64': [ '1.20260401.1' ],
15 silly audit   '@cloudflare/workerd-linux-arm64': [ '1.20260401.1' ],
15 silly audit   '@cloudflare/workerd-windows-64': [ '1.20260401.1' ],
15 silly audit   '@cspotcode/source-map-support': [ '0.8.1' ],
15 silly audit   '@jridgewell/trace-mapping': [ '0.3.9', '0.3.31' ],
15 silly audit   '@dotenvx/dotenvx': [ '1.31.0' ],
15 silly audit   '@ecies/ciphers': [ '0.2.6' ],
15 silly audit   '@emnapi/core': [ '1.9.2' ],
15 silly audit   '@emnapi/runtime': [ '1.9.2' ],
15 silly audit   '@emnapi/wasi-threads': [ '1.2.1' ],
15 silly audit   '@esbuild/aix-ppc64': [ '0.25.4', '0.27.3' ],
15 silly audit   '@esbuild/android-arm': [ '0.25.4', '0.27.3' ],
15 silly audit   '@esbuild/android-arm64': [ '0.25.4', '0.27.3' ],
15 silly audit   '@esbuild/android-x64': [ '0.25.4', '0.27.3' ],
15 silly audit   '@esbuild/darwin-arm64': [ '0.25.4', '0.27.3' ],
15 silly audit   '@esbuild/darwin-x64': [ '0.25.4', '0.27.3' ],
15 silly audit   '@esbuild/freebsd-arm64': [ '0.25.4', '0.27.3' ],
15 silly audit   '@esbuild/freebsd-x64': [ '0.25.4', '0.27.3' ],
15 silly audit   '@esbuild/linux-arm': [ '0.25.4', '0.27.3' ],
15 silly audit   '@esbuild/linux-arm64': [ '0.25.4', '0.27.3' ],
15 silly audit   '@esbuild/linux-ia32': [ '0.25.4', '0.27.3' ],
15 silly audit   '@esbuild/linux-loong64': [ '0.25.4', '0.27.3' ],
15 silly audit   '@esbuild/linux-mips64el': [ '0.25.4', '0.27.3' ],
15 silly audit   '@esbuild/linux-ppc64': [ '0.25.4', '0.27.3' ],
15 silly audit   '@esbuild/linux-riscv64': [ '0.25.4', '0.27.3' ],
15 silly audit   '@esbuild/linux-s390x': [ '0.25.4', '0.27.3' ],
15 silly audit   '@esbuild/linux-x64': [ '0.25.4', '0.27.3' ],
15 silly audit   '@esbuild/netbsd-arm64': [ '0.25.4', '0.27.3' ],
15 silly audit   '@esbuild/netbsd-x64': [ '0.25.4', '0.27.3' ],
15 silly audit   '@esbuild/openbsd-arm64': [ '0.25.4', '0.27.3' ],
15 silly audit   '@esbuild/openbsd-x64': [ '0.25.4', '0.27.3' ],
15 silly audit   '@esbuild/openharmony-arm64': [ '0.27.3' ],
15 silly audit   '@esbuild/sunos-x64': [ '0.25.4', '0.27.3' ],
15 silly audit   '@esbuild/win32-arm64': [ '0.25.4', '0.27.3' ],
15 silly audit   '@esbuild/win32-ia32': [ '0.25.4', '0.27.3' ],
15 silly audit   '@esbuild/win32-x64': [ '0.25.4', '0.27.3' ],
15 silly audit   '@eslint-community/eslint-utils': [ '4.9.1' ],
15 silly audit   'eslint-visitor-keys': [ '3.4.3', '5.0.1' ],
15 silly audit   '@eslint-community/regexpp': [ '4.12.2' ],
15 silly audit   '@eslint/config-array': [ '0.23.3' ],
15 silly audit   '@eslint/config-helpers': [ '0.5.3' ],
15 silly audit   '@eslint/core': [ '1.1.1' ],
15 silly audit   '@eslint/object-schema': [ '3.0.3' ],
15 silly audit   '@eslint/plugin-kit': [ '0.6.1' ],
15 silly audit   '@fastify/busboy': [ '3.2.0' ],
15 silly audit   '@firebase/analytics': [ '0.10.8' ],
15 silly audit   '@firebase/analytics-compat': [ '0.2.14' ],
15 silly audit   '@firebase/analytics-types': [ '0.8.2' ],
15 silly audit   '@firebase/app': [ '0.10.13' ],
15 silly audit   '@firebase/app-check': [ '0.8.8' ],
15 silly audit   '@firebase/app-check-compat': [ '0.3.15' ],
15 silly audit   '@firebase/app-check-interop-types': [ '0.3.2' ],
15 silly audit   '@firebase/app-check-types': [ '0.5.2' ],
15 silly audit   '@firebase/app-compat': [ '0.2.43' ],
15 silly audit   '@firebase/app-types': [ '0.9.2' ],
15 silly audit   '@firebase/auth': [ '1.7.9' ],
15 silly audit   '@firebase/auth-compat': [ '0.5.14' ],
15 silly audit   '@firebase/auth-interop-types': [ '0.2.3' ],
15 silly audit   '@firebase/auth-types': [ '0.12.2' ],
15 silly audit   '@firebase/component': [ '0.6.9' ],
15 silly audit   '@firebase/data-connect': [ '0.1.0' ],
15 silly audit   '@firebase/database': [ '1.0.8' ],
15 silly audit   '@firebase/database-compat': [ '1.0.8' ],
15 silly audit   '@firebase/database-types': [ '1.0.5' ],
15 silly audit   '@firebase/firestore': [ '4.7.3' ],
15 silly audit   '@firebase/firestore-compat': [ '0.3.38' ],
15 silly audit   '@firebase/firestore-types': [ '3.0.2' ],
15 silly audit   '@firebase/functions': [ '0.11.8' ],
15 silly audit   '@firebase/functions-compat': [ '0.3.14' ],
15 silly audit   '@firebase/functions-types': [ '0.6.2' ],
15 silly audit   '@firebase/installations': [ '0.6.9' ],
15 silly audit   '@firebase/installations-compat': [ '0.2.9' ],
15 silly audit   '@firebase/installations-types': [ '0.5.2' ],
15 silly audit   '@firebase/logger': [ '0.4.2' ],
15 silly audit   '@firebase/messaging': [ '0.12.12' ],
15 silly audit   '@firebase/messaging-compat': [ '0.2.12' ],
15 silly audit   '@firebase/messaging-interop-types': [ '0.2.2' ],
15 silly audit   '@firebase/performance': [ '0.6.9' ],
15 silly audit   '@firebase/performance-compat': [ '0.2.9' ],
15 silly audit   '@firebase/performance-types': [ '0.2.2' ],
15 silly audit   '@firebase/remote-config': [ '0.4.9' ],
15 silly audit   '@firebase/remote-config-compat': [ '0.2.9' ],
15 silly audit   '@firebase/remote-config-types': [ '0.3.2' ],
15 silly audit   '@firebase/storage': [ '0.13.2' ],
15 silly audit   '@firebase/storage-compat': [ '0.3.12' ],
15 silly audit   '@firebase/storage-types': [ '0.8.2' ],
15 silly audit   '@firebase/util': [ '1.10.0' ],
15 silly audit   '@firebase/vertexai-preview': [ '0.0.4' ],
15 silly audit   '@firebase/webchannel-wrapper': [ '1.0.1' ],
15 silly audit   '@google-cloud/firestore': [ '7.11.6' ],
15 silly audit   '@grpc/grpc-js': [ '1.14.3', '1.9.15' ],
15 silly audit   '@grpc/proto-loader': [ '0.8.0', '0.7.15' ],
15 silly audit   'ansi-styles': [ '4.3.0', '6.2.3' ],
15 silly audit   cliui: [ '8.0.1', '9.0.1' ],
15 silly audit   'emoji-regex': [ '8.0.0', '9.2.2', '10.6.0' ],
15 silly audit   'google-gax': [ '4.6.1' ],
15 silly audit   'string-width': [ '4.2.3', '7.2.0' ],
15 silly audit   uuid: [ '9.0.1', '8.3.2', '10.0.0' ],
15 silly audit   'wrap-ansi': [ '7.0.0', '9.0.2' ],
15 silly audit   yargs: [ '17.7.2', '18.0.0' ],
15 silly audit   'yargs-parser': [ '21.1.1', '22.0.0' ],
15 silly audit   '@google-cloud/paginator': [ '5.0.2' ],
15 silly audit   '@google-cloud/projectify': [ '4.0.0' ],
15 silly audit   '@google-cloud/promisify': [ '4.0.0' ],
15 silly audit   '@humanfs/core': [ '0.19.1' ],
15 silly audit   '@humanfs/node': [ '0.16.7' ],
15 silly audit   '@humanwhocodes/module-importer': [ '1.0.1' ],
15 silly audit   '@humanwhocodes/retry': [ '0.4.3' ],
15 silly audit   '@img/colour': [ '1.1.0' ],
15 silly audit   '@img/sharp-darwin-arm64': [ '0.34.5' ],
15 silly audit   '@img/sharp-darwin-x64': [ '0.34.5' ],
15 silly audit   '@img/sharp-libvips-darwin-arm64': [ '1.2.4' ],
15 silly audit   '@img/sharp-libvips-darwin-x64': [ '1.2.4' ],
15 silly audit   '@img/sharp-libvips-linux-arm': [ '1.2.4' ],
15 silly audit   '@img/sharp-libvips-linux-arm64': [ '1.2.4' ],
15 silly audit   '@img/sharp-libvips-linux-ppc64': [ '1.2.4' ],
15 silly audit   '@img/sharp-libvips-linux-riscv64': [ '1.2.4' ],
15 silly audit   '@img/sharp-libvips-linux-s390x': [ '1.2.4' ],
15 silly audit   '@img/sharp-libvips-linux-x64': [ '1.2.4' ],
15 silly audit   '@img/sharp-libvips-linuxmusl-arm64': [ '1.2.4' ],
15 silly audit   '@img/sharp-libvips-linuxmusl-x64': [ '1.2.4' ],
15 silly audit   '@img/sharp-linux-arm': [ '0.34.5' ],
15 silly audit   '@img/sharp-linux-arm64': [ '0.34.5' ],
15 silly audit   '@img/sharp-linux-ppc64': [ '0.34.5' ],
15 silly audit   '@img/sharp-linux-riscv64': [ '0.34.5' ],
15 silly audit   '@img/sharp-linux-s390x': [ '0.34.5' ],
15 silly audit   '@img/sharp-linux-x64': [ '0.34.5' ],
15 silly audit   '@img/sharp-linuxmusl-arm64': [ '0.34.5' ],
15 silly audit   '@img/sharp-linuxmusl-x64': [ '0.34.5' ],
15 silly audit   '@img/sharp-wasm32': [ '0.34.5' ],
15 silly audit   '@img/sharp-win32-arm64': [ '0.34.5' ],
15 silly audit   '@img/sharp-win32-ia32': [ '0.34.5' ],
15 silly audit   '@img/sharp-win32-x64': [ '0.34.5' ],
15 silly audit   '@isaacs/cliui': [ '9.0.0' ],
15 silly audit   '@jridgewell/gen-mapping': [ '0.3.13' ],
15 silly audit   '@jridgewell/remapping': [ '2.3.5' ],
15 silly audit   '@jridgewell/resolve-uri': [ '3.1.2' ],
15 silly audit   '@jridgewell/source-map': [ '0.3.11' ],
15 silly audit   '@jridgewell/sourcemap-codec': [ '1.5.5' ],
15 silly audit   '@js-sdsl/ordered-map': [ '4.4.2' ],
15 silly audit   '@napi-rs/wasm-runtime': [ '0.2.12' ],
15 silly audit   '@next/env': [ '16.2.2' ],
15 silly audit   '@next/eslint-plugin-next': [ '16.2.2' ],
15 silly audit   '@next/swc-darwin-arm64': [ '16.2.2' ],
15 silly audit   '@next/swc-darwin-x64': [ '16.2.2' ],
15 silly audit   '@next/swc-linux-arm64-gnu': [ '16.2.2' ],
15 silly audit   '@next/swc-linux-arm64-musl': [ '16.2.2' ],
15 silly audit   '@next/swc-linux-x64-gnu': [ '16.2.2' ],
15 silly audit   '@next/swc-linux-x64-musl': [ '16.2.2' ],
15 silly audit   '@next/swc-win32-arm64-msvc': [ '16.2.2' ],
15 silly audit   '@next/swc-win32-x64-msvc': [ '16.2.2' ],
15 silly audit   '@noble/ciphers': [ '1.3.0' ],
15 silly audit   '@noble/curves': [ '1.9.7' ],
15 silly audit   '@noble/hashes': [ '1.8.0' ],
15 silly audit   '@node-minify/core': [ '8.0.6' ],
15 silly audit   'balanced-match': [ '1.0.2', '4.0.4' ],
15 silly audit   'brace-expansion': [ '2.0.3', '5.0.5', '1.1.13' ],
15 silly audit   glob: [ '9.3.5', '12.0.0' ],
15 silly audit   'lru-cache': [ '10.4.3', '5.1.1', '6.0.0', '11.2.7' ],
15 silly audit   minimatch: [ '8.0.7', '3.1.5', '10.2.5' ],
15 silly audit   minipass: [ '4.2.8', '7.1.3' ],
15 silly audit   'path-scurry': [ '1.11.1', '2.0.2' ],
15 silly audit   '@node-minify/terser': [ '8.0.6' ],
15 silly audit   '@node-minify/utils': [ '8.0.6' ],
15 silly audit   '@nodelib/fs.scandir': [ '2.1.5' ],
15 silly audit   '@nodelib/fs.stat': [ '2.0.5' ],
15 silly audit   '@nodelib/fs.walk': [ '1.2.8' ],
15 silly audit   '@nolyfill/is-core-module': [ '1.0.39' ],
15 silly audit   '@opennextjs/aws': [ '3.9.16' ],
15 silly audit   '@opennextjs/cloudflare': [ '1.18.0' ],
15 silly audit   '@opentelemetry/api': [ '1.9.1' ],
15 silly audit   '@poppinss/colors': [ '4.1.6' ],
15 silly audit   '@poppinss/dumper': [ '0.6.5' ],
15 silly audit   '@poppinss/exception': [ '1.2.3' ],
15 silly audit   '@protobufjs/aspromise': [ '1.1.2' ],
15 silly audit   '@protobufjs/base64': [ '1.1.2' ],
15 silly audit   '@protobufjs/codegen': [ '2.0.4' ],
15 silly audit   '@protobufjs/eventemitter': [ '1.1.0' ],
15 silly audit   '@protobufjs/fetch': [ '1.1.0' ],
15 silly audit   '@protobufjs/float': [ '1.0.2' ],
15 silly audit   '@protobufjs/inquire': [ '1.1.0' ],
15 silly audit   '@protobufjs/path': [ '1.1.2' ],
15 silly audit   '@protobufjs/pool': [ '1.1.0' ],
15 silly audit   '@protobufjs/utf8': [ '1.1.0' ],
15 silly audit   '@rtsao/scc': [ '1.1.0' ],
15 silly audit   '@sindresorhus/is': [ '7.2.0' ],
15 silly audit   '@smithy/chunked-blob-reader': [ '5.2.2' ],
15 silly audit   '@smithy/chunked-blob-reader-native': [ '4.2.3' ],
15 silly audit   '@smithy/config-resolver': [ '4.4.13' ],
15 silly audit   '@smithy/core': [ '3.23.13' ],
15 silly audit   '@smithy/credential-provider-imds': [ '4.2.12' ],
15 silly audit   '@smithy/eventstream-codec': [ '4.2.12' ],
15 silly audit   '@smithy/eventstream-serde-browser': [ '4.2.12' ],
15 silly audit   '@smithy/eventstream-serde-config-resolver': [ '4.3.12' ],
15 silly audit   '@smithy/eventstream-serde-node': [ '4.2.12' ],
15 silly audit   '@smithy/eventstream-serde-universal': [ '4.2.12' ],
15 silly audit   '@smithy/fetch-http-handler': [ '5.3.15' ],
15 silly audit   '@smithy/hash-blob-browser': [ '4.2.13' ],
15 silly audit   '@smithy/hash-node': [ '4.2.12' ],
15 silly audit   '@smithy/hash-stream-node': [ '4.2.12' ],
15 silly audit   '@smithy/invalid-dependency': [ '4.2.12' ],
15 silly audit   '@smithy/md5-js': [ '4.2.12' ],
15 silly audit   '@smithy/middleware-content-length': [ '4.2.12' ],
15 silly audit   '@smithy/middleware-endpoint': [ '4.4.28' ],
15 silly audit   '@smithy/middleware-retry': [ '4.4.46' ],
15 silly audit   '@smithy/middleware-serde': [ '4.2.16' ],
15 silly audit   '@smithy/middleware-stack': [ '4.2.12' ],
15 silly audit   '@smithy/node-config-provider': [ '4.3.12' ],
15 silly audit   '@smithy/node-http-handler': [ '4.5.1' ],
15 silly audit   '@smithy/property-provider': [ '4.2.12' ],
15 silly audit   '@smithy/protocol-http': [ '5.3.12' ],
15 silly audit   '@smithy/querystring-builder': [ '4.2.12' ],
15 silly audit   '@smithy/querystring-parser': [ '4.2.12' ],
15 silly audit   '@smithy/service-error-classification': [ '4.2.12' ],
15 silly audit   '@smithy/shared-ini-file-loader': [ '4.4.7' ],
15 silly audit   '@smithy/signature-v4': [ '5.3.12' ],
15 silly audit   '@smithy/smithy-client': [ '4.12.8' ],
15 silly audit   '@smithy/types': [ '4.13.1' ],
15 silly audit   '@smithy/url-parser': [ '4.2.12' ],
15 silly audit   '@smithy/util-base64': [ '4.3.2' ],
15 silly audit   '@smithy/util-body-length-browser': [ '4.2.2' ],
15 silly audit   '@smithy/util-body-length-node': [ '4.2.3' ],
15 silly audit   '@smithy/util-config-provider': [ '4.2.2' ],
15 silly audit   '@smithy/util-defaults-mode-browser': [ '4.3.44' ],
15 silly audit   '@smithy/util-defaults-mode-node': [ '4.2.48' ],
15 silly audit   '@smithy/util-endpoints': [ '3.3.3' ],
15 silly audit   '@smithy/util-hex-encoding': [ '4.2.2' ],
15 silly audit   '@smithy/util-middleware': [ '4.2.12' ],
15 silly audit   '@smithy/util-retry': [ '4.2.13' ],
15 silly audit   '@smithy/util-stream': [ '4.5.21' ],
15 silly audit   '@smithy/util-uri-escape': [ '4.2.2' ],
15 silly audit   '@smithy/util-waiter': [ '4.2.14' ],
15 silly audit   '@smithy/uuid': [ '1.1.2' ],
15 silly audit   '@speed-highlight/core': [ '1.2.15' ],
15 silly audit   '@swc/helpers': [ '0.5.15' ],
15 silly audit   '@tootallnate/once': [ '2.0.0' ],
15 silly audit   '@tsconfig/node18': [ '1.0.3' ],
15 silly audit   '@tybys/wasm-util': [ '0.10.1' ],
15 silly audit   '@types/caseless': [ '0.12.5' ],
15 silly audit   '@types/esrecurse': [ '4.3.1' ],
15 silly audit   '@types/estree': [ '1.0.8' ],
15 silly audit   '@types/json-schema': [ '7.0.15' ],
15 silly audit   '@types/json5': [ '0.0.29' ],
15 silly audit   '@types/jsonwebtoken': [ '9.0.10' ],
15 silly audit   '@types/long': [ '4.0.2' ],
15 silly audit   '@types/ms': [ '2.1.0' ],
15 silly audit   '@types/node': [ '18.19.130', '22.19.15' ],
15 silly audit   '@types/node-fetch': [ '2.6.13' ],
15 silly audit   '@types/request': [ '2.48.13' ],
15 silly audit   'form-data': [ '2.5.5', '4.0.5' ],
15 silly audit   'mime-db': [ '1.52.0', '1.54.0' ],
15 silly audit   'mime-types': [ '2.1.35', '3.0.2' ],
15 silly audit   '@types/tough-cookie': [ '4.0.5' ],
15 silly audit   '@typescript-eslint/eslint-plugin': [ '8.58.0' ],
15 silly audit   ignore: [ '7.0.5', '5.3.2' ],
15 silly audit   '@typescript-eslint/parser': [ '8.58.0' ],
15 silly audit   '@typescript-eslint/typescript-estree': [ '8.58.0' ],
15 silly audit   semver: [ '7.7.4', '6.3.1' ],
15 silly audit   '@typescript-eslint/project-service': [ '8.58.0' ],
15 silly audit   '@typescript-eslint/scope-manager': [ '8.58.0' ],
15 silly audit   '@typescript-eslint/tsconfig-utils': [ '8.58.0' ],
15 silly audit   '@typescript-eslint/type-utils': [ '8.58.0' ],
15 silly audit   '@typescript-eslint/types': [ '8.58.0' ],
15 silly audit   '@typescript-eslint/utils': [ '8.58.0' ],
15 silly audit   '@typescript-eslint/visitor-keys': [ '8.58.0' ],
15 silly audit   '@unrs/resolver-binding-android-arm-eabi': [ '1.11.1' ],
15 silly audit   '@unrs/resolver-binding-android-arm64': [ '1.11.1' ],
15 silly audit   '@unrs/resolver-binding-darwin-arm64': [ '1.11.1' ],
15 silly audit   '@unrs/resolver-binding-darwin-x64': [ '1.11.1' ],
15 silly audit   '@unrs/resolver-binding-freebsd-x64': [ '1.11.1' ],
15 silly audit   '@unrs/resolver-binding-linux-arm-gnueabihf': [ '1.11.1' ],
15 silly audit   '@unrs/resolver-binding-linux-arm-musleabihf': [ '1.11.1' ],
15 silly audit   '@unrs/resolver-binding-linux-arm64-gnu': [ '1.11.1' ],
15 silly audit   '@unrs/resolver-binding-linux-arm64-musl': [ '1.11.1' ],
15 silly audit   '@unrs/resolver-binding-linux-ppc64-gnu': [ '1.11.1' ],
15 silly audit   '@unrs/resolver-binding-linux-riscv64-gnu': [ '1.11.1' ],
15 silly audit   '@unrs/resolver-binding-linux-riscv64-musl': [ '1.11.1' ],
15 silly audit   '@unrs/resolver-binding-linux-s390x-gnu': [ '1.11.1' ],
15 silly audit   '@unrs/resolver-binding-linux-x64-gnu': [ '1.11.1' ],
15 silly audit   '@unrs/resolver-binding-linux-x64-musl': [ '1.11.1' ],
15 silly audit   '@unrs/resolver-binding-wasm32-wasi': [ '1.11.1' ],
15 silly audit   '@unrs/resolver-binding-win32-arm64-msvc': [ '1.11.1' ],
15 silly audit   '@unrs/resolver-binding-win32-ia32-msvc': [ '1.11.1' ],
15 silly audit   '@unrs/resolver-binding-win32-x64-msvc': [ '1.11.1' ],
15 silly audit   'abort-controller': [ '3.0.0' ],
15 silly audit   accepts: [ '2.0.0' ],
15 silly audit   acorn: [ '8.16.0' ],
15 silly audit   'acorn-jsx': [ '5.3.2' ],
15 silly audit   'agent-base': [ '7.1.4', '6.0.2' ],
15 silly audit   agentkeepalive: [ '4.6.0' ],
15 silly audit   ajv: [ '6.14.0' ],
15 silly audit   'ansi-colors': [ '4.1.3' ],
15 silly audit   'ansi-regex': [ '5.0.1', '6.2.2' ],
15 silly audit   'aria-query': [ '5.3.2' ],
15 silly audit   'array-buffer-byte-length': [ '1.0.2' ],
15 silly audit   'array-includes': [ '3.1.9' ],
15 silly audit   'array-timsort': [ '1.0.3' ],
15 silly audit   'array.prototype.findlast': [ '1.2.5' ],
15 silly audit   'array.prototype.findlastindex': [ '1.2.6' ],
15 silly audit   'array.prototype.flat': [ '1.3.3' ],
15 silly audit   'array.prototype.flatmap': [ '1.3.3' ],
15 silly audit   'array.prototype.tosorted': [ '1.1.4' ],
15 silly audit   'arraybuffer.prototype.slice': [ '1.0.4' ],
15 silly audit   arrify: [ '2.0.1' ],
15 silly audit   'ast-types-flow': [ '0.0.8' ],
15 silly audit   'async-function': [ '1.0.0' ],
15 silly audit   'async-retry': [ '1.3.3' ],
15 silly audit   asynckit: [ '0.4.0' ],
15 silly audit   'available-typed-arrays': [ '1.0.7' ],
15 silly audit   aws4fetch: [ '1.0.20' ],
15 silly audit   'axe-core': [ '4.11.2' ],
15 silly audit   'axobject-query': [ '4.1.0' ],
15 silly audit   'base64-js': [ '1.5.1' ],
15 silly audit   'baseline-browser-mapping': [ '2.10.13' ],
15 silly audit   'bignumber.js': [ '9.3.1' ],
15 silly audit   'blake3-wasm': [ '2.1.5' ],
15 silly audit   'body-parser': [ '2.2.2' ],
15 silly audit   bowser: [ '2.14.1' ],
15 silly audit   braces: [ '3.0.3' ],
15 silly audit   browserslist: [ '4.28.2' ],
15 silly audit   'buffer-equal-constant-time': [ '1.0.1' ],
15 silly audit   'buffer-from': [ '1.1.2' ],
15 silly audit   bytes: [ '3.1.2' ],
15 silly audit   'call-bind': [ '1.0.8' ],
15 silly audit   'call-bind-apply-helpers': [ '1.0.2' ],
15 silly audit   'call-bound': [ '1.0.4' ],
15 silly audit   'caniuse-lite': [ '1.0.30001784' ],
15 silly audit   chalk: [ '5.6.2' ],
15 silly audit   'client-only': [ '0.0.1' ],
15 silly audit   'strip-ansi': [ '7.2.0', '6.0.1' ],
15 silly audit   cloudflare: [ '4.5.0' ],
15 silly audit   cloudinary: [ '2.9.0' ],
15 silly audit   'color-convert': [ '2.0.1' ],
15 silly audit   'color-name': [ '1.1.4' ],
15 silly audit   'combined-stream': [ '1.0.8' ],
15 silly audit   commander: [ '11.1.0', '2.20.3' ],
15 silly audit   'comment-json': [ '4.6.2' ],
15 silly audit   'concat-map': [ '0.0.1' ],
15 silly audit   'content-disposition': [ '1.0.1' ],
15 silly audit   'content-type': [ '1.0.5' ],
15 silly audit   'convert-source-map': [ '2.0.0' ],
15 silly audit   cookie: [ '1.1.1', '0.7.2' ],
15 silly audit   'cookie-signature': [ '1.2.2' ],
15 silly audit   csstype: [ '3.2.3' ],
15 silly audit   'damerau-levenshtein': [ '1.0.8' ],
15 silly audit   'data-view-buffer': [ '1.0.2' ],
15 silly audit   'data-view-byte-length': [ '1.0.2' ],
15 silly audit   'data-view-byte-offset': [ '1.0.1' ],
15 silly audit   debug: [ '4.4.3', '3.2.7' ],
15 silly audit   'deep-is': [ '0.1.4' ],
15 silly audit   'define-data-property': [ '1.1.4' ],
15 silly audit   'define-properties': [ '1.2.1' ],
15 silly audit   'delayed-stream': [ '1.0.0' ],
15 silly audit   depd: [ '2.0.0' ],
15 silly audit   'detect-libc': [ '2.1.2' ],
15 silly audit   doctrine: [ '2.1.0' ],
15 silly audit   dotenv: [ '16.6.1' ],
15 silly audit   'dunder-proto': [ '1.0.1' ],
15 silly audit   duplexer: [ '0.1.2' ],
15 silly audit   duplexify: [ '4.1.3' ],
15 silly audit   'ecdsa-sig-formatter': [ '1.0.11' ],
15 silly audit   eciesjs: [ '0.4.18' ],
15 silly audit   'ee-first': [ '1.1.1' ],
15 silly audit   'electron-to-chromium': [ '1.5.331' ],
15 silly audit   encodeurl: [ '2.0.0' ],
15 silly audit   'end-of-stream': [ '1.4.5' ],
15 silly audit   enquirer: [ '2.4.1' ],
15 silly audit   'error-stack-parser-es': [ '1.0.5' ],
15 silly audit   'es-abstract': [ '1.24.1' ],
15 silly audit   'es-define-property': [ '1.0.1' ],
15 silly audit   'es-errors': [ '1.3.0' ],
15 silly audit   'es-iterator-helpers': [ '1.3.1' ],
15 silly audit   'es-object-atoms': [ '1.1.1' ],
15 silly audit   'es-set-tostringtag': [ '2.1.0' ],
15 silly audit   'es-shim-unscopables': [ '1.1.0' ],
15 silly audit   'es-to-primitive': [ '1.3.0' ],
15 silly audit   esbuild: [ '0.25.4', '0.27.3' ],
15 silly audit   escalade: [ '3.2.0' ],
15 silly audit   'escape-html': [ '1.0.3' ],
15 silly audit   'escape-string-regexp': [ '4.0.0' ],
15 silly audit   eslint: [ '10.1.0' ],
15 silly audit   'eslint-config-next': [ '16.2.2' ],
15 silly audit   'eslint-import-resolver-node': [ '0.3.10' ],
15 silly audit   'eslint-import-resolver-typescript': [ '3.10.1' ],
15 silly audit   'is-bun-module': [ '2.0.0' ],
15 silly audit   'eslint-module-utils': [ '2.12.1' ],
15 silly audit   'eslint-plugin-import': [ '2.32.0' ],
15 silly audit   json5: [ '1.0.2', '2.2.3' ],
15 silly audit   'tsconfig-paths': [ '3.15.0' ],
15 silly audit   'eslint-plugin-jsx-a11y': [ '6.10.2' ],
15 silly audit   'eslint-plugin-react': [ '7.37.5' ],
15 silly audit   'eslint-plugin-react-hooks': [ '7.0.1' ],
15 silly audit   'eslint-scope': [ '9.1.2' ],
15 silly audit   'cross-spawn': [ '7.0.6' ],
15 silly audit   isexe: [ '2.0.0', '3.1.5' ],
15 silly audit   which: [ '2.0.2', '4.0.0' ],
15 silly audit   espree: [ '11.2.0' ],
15 silly audit   esprima: [ '4.0.1' ],
15 silly audit   esquery: [ '1.7.0' ],
15 silly audit   esrecurse: [ '4.3.0' ],
15 silly audit   estraverse: [ '5.3.0' ],
15 silly audit   esutils: [ '2.0.3' ],
15 silly audit   etag: [ '1.8.1' ],
15 silly audit   'event-target-shim': [ '5.0.1' ],
15 silly audit   execa: [ '5.1.1' ],
15 silly audit   express: [ '5.2.1' ],
15 silly audit   extend: [ '3.0.2' ],
15 silly audit   'farmhash-modern': [ '1.1.0' ],
15 silly audit   'fast-deep-equal': [ '3.1.3' ],
15 silly audit   'fast-glob': [ '3.3.1' ],
15 silly audit   'glob-parent': [ '5.1.2', '6.0.2' ],
15 silly audit   'fast-json-stable-stringify': [ '2.1.0' ],
15 silly audit   'fast-levenshtein': [ '2.0.6' ],
15 silly audit   'fast-xml-builder': [ '1.1.4' ],
15 silly audit   'fast-xml-parser': [ '5.5.8' ],
15 silly audit   fastq: [ '1.20.1' ],
15 silly audit   'faye-websocket': [ '0.11.4' ],
15 silly audit   fdir: [ '6.5.0' ],
15 silly audit   'file-entry-cache': [ '8.0.0' ],
15 silly audit   'fill-range': [ '7.1.1' ],
15 silly audit   finalhandler: [ '2.1.1' ],
15 silly audit   'find-up': [ '5.0.0' ],
15 silly audit   firebase: [ '10.14.1' ],
15 silly audit   'firebase-admin': [ '12.7.0' ],
15 silly audit   '@google-cloud/storage': [ '7.19.0' ],
15 silly audit   gaxios: [ '6.7.1' ],
15 silly audit   jsonwebtoken: [ '9.0.3' ],
15 silly audit   'teeny-request': [ '9.0.0' ],
15 silly audit   'https-proxy-agent': [ '5.0.1', '7.0.6' ],
15 silly audit   'undici-types': [ '6.21.0', '5.26.5' ],
15 silly audit   'flat-cache': [ '4.0.1' ],
15 silly audit   flatted: [ '3.4.2' ],
15 silly audit   'for-each': [ '0.3.5' ],
15 silly audit   'foreground-child': [ '3.3.1' ],
15 silly audit   'signal-exit': [ '4.1.0', '3.0.7' ],
15 silly audit   'form-data-encoder': [ '1.7.2' ],
15 silly audit   'formdata-node': [ '4.4.1' ],
15 silly audit   forwarded: [ '0.2.0' ],
15 silly audit   'framer-motion': [ '11.18.2' ],
15 silly audit   fresh: [ '2.0.0' ],
15 silly audit   'fs.realpath': [ '1.0.0' ],
15 silly audit   fsevents: [ '2.3.3' ],
15 silly audit   'function-bind': [ '1.1.2' ],
15 silly audit   'function.prototype.name': [ '1.1.8' ],
15 silly audit   'functional-red-black-tree': [ '1.0.1' ],
15 silly audit   'functions-have-names': [ '1.2.3' ],
15 silly audit   'gcp-metadata': [ '6.1.1' ],
15 silly audit   'generator-function': [ '2.0.1' ],
15 silly audit   gensync: [ '1.0.0-beta.2' ],
15 silly audit   'get-caller-file': [ '2.0.5' ],
15 silly audit   'get-east-asian-width': [ '1.5.0' ],
15 silly audit   'get-intrinsic': [ '1.3.0' ],
15 silly audit   'get-proto': [ '1.0.1' ],
15 silly audit   'get-stream': [ '6.0.1' ],
15 silly audit   'get-symbol-description': [ '1.1.0' ],
15 silly audit   'get-tsconfig': [ '4.13.7' ],
15 silly audit   globals: [ '16.4.0' ],
15 silly audit   globalthis: [ '1.0.4' ],
15 silly audit   goober: [ '2.1.18' ],
15 silly audit   'google-auth-library': [ '9.15.1' ],
15 silly audit   'google-logging-utils': [ '0.0.2' ],
15 silly audit   gopd: [ '1.2.0' ],
15 silly audit   gtoken: [ '7.1.0' ],
15 silly audit   'gzip-size': [ '6.0.0' ],
15 silly audit   'has-bigints': [ '1.1.0' ],
15 silly audit   'has-property-descriptors': [ '1.0.2' ],
15 silly audit   'has-proto': [ '1.2.0' ],
15 silly audit   'has-symbols': [ '1.1.0' ],
15 silly audit   'has-tostringtag': [ '1.0.2' ],
15 silly audit   hasown: [ '2.0.2' ],
15 silly audit   'hermes-estree': [ '0.25.1' ],
15 silly audit   'hermes-parser': [ '0.25.1' ],
15 silly audit   'html-entities': [ '2.6.0' ],
15 silly audit   'http-errors': [ '2.0.1' ],
15 silly audit   'http-parser-js': [ '0.5.10' ],
15 silly audit   'http-proxy-agent': [ '5.0.0' ],
15 silly audit   'human-signals': [ '2.1.0' ],
15 silly audit   'humanize-ms': [ '1.2.1' ],
15 silly audit   'iconv-lite': [ '0.7.2' ],
15 silly audit   idb: [ '7.1.1' ],
15 silly audit   imurmurhash: [ '0.1.4' ],
15 silly audit   inherits: [ '2.0.4' ],
15 silly audit   'internal-slot': [ '1.1.0' ],
15 silly audit   'ipaddr.js': [ '1.9.1' ],
15 silly audit   'is-array-buffer': [ '3.0.5' ],
15 silly audit   'is-async-function': [ '2.1.1' ],
15 silly audit   'is-bigint': [ '1.1.0' ],
15 silly audit   'is-boolean-object': [ '1.2.2' ],
15 silly audit   'is-callable': [ '1.2.7' ],
15 silly audit   'is-core-module': [ '2.16.1' ],
15 silly audit   'is-data-view': [ '1.0.2' ],
15 silly audit   'is-date-object': [ '1.1.0' ],
15 silly audit   'is-extglob': [ '2.1.1' ],
15 silly audit   'is-finalizationregistry': [ '1.1.1' ],
15 silly audit   'is-fullwidth-code-point': [ '3.0.0' ],
15 silly audit   'is-generator-function': [ '1.1.2' ],
15 silly audit   'is-glob': [ '4.0.3' ],
15 silly audit   'is-map': [ '2.0.3' ],
15 silly audit   'is-negative-zero': [ '2.0.3' ],
15 silly audit   'is-number': [ '7.0.0' ],
15 silly audit   'is-number-object': [ '1.1.1' ],
15 silly audit   'is-promise': [ '4.0.0' ],
15 silly audit   'is-regex': [ '1.2.1' ],
15 silly audit   'is-set': [ '2.0.3' ],
15 silly audit   'is-shared-array-buffer': [ '1.0.4' ],
15 silly audit   'is-stream': [ '2.0.1' ],
15 silly audit   'is-string': [ '1.1.1' ],
15 silly audit   'is-symbol': [ '1.1.1' ],
15 silly audit   'is-typed-array': [ '1.1.15' ],
15 silly audit   'is-weakmap': [ '2.0.2' ],
15 silly audit   'is-weakref': [ '1.1.1' ],
15 silly audit   'is-weakset': [ '2.0.4' ],
15 silly audit   isarray: [ '2.0.5' ],
15 silly audit   'iterator.prototype': [ '1.1.5' ],
15 silly audit   jackspeak: [ '4.2.3' ],
15 silly audit   jose: [ '4.15.9' ],
15 silly audit   'js-tokens': [ '4.0.0' ],
15 silly audit   jsesc: [ '3.1.0' ],
15 silly audit   'json-bigint': [ '1.0.0' ],
15 silly audit   'json-buffer': [ '3.0.1' ],
15 silly audit   'json-schema-traverse': [ '0.4.1' ],
15 silly audit   'json-stable-stringify-without-jsonify': [ '1.0.1' ],
15 silly audit   'jsx-ast-utils': [ '3.3.5' ],
15 silly audit   jwa: [ '2.0.1' ],
15 silly audit   'jwks-rsa': [ '3.2.2' ],
15 silly audit   jws: [ '4.0.1' ],
15 silly audit   keyv: [ '4.5.4' ],
15 silly audit   kleur: [ '4.1.5' ],
15 silly audit   'language-subtag-registry': [ '0.3.23' ],
15 silly audit   'language-tags': [ '1.0.9' ],
15 silly audit   levn: [ '0.4.1' ],
15 silly audit   limiter: [ '1.1.5' ],
15 silly audit   'locate-path': [ '6.0.0' ],
15 silly audit   lodash: [ '4.18.1' ],
15 silly audit   'lodash.camelcase': [ '4.3.0' ],
15 silly audit   'lodash.clonedeep': [ '4.5.0' ],
15 silly audit   'lodash.includes': [ '4.3.0' ],
15 silly audit   'lodash.isboolean': [ '3.0.3' ],
15 silly audit   'lodash.isinteger': [ '4.0.4' ],
15 silly audit   'lodash.isnumber': [ '3.0.3' ],
15 silly audit   'lodash.isplainobject': [ '4.0.6' ],
15 silly audit   'lodash.isstring': [ '4.0.1' ],
15 silly audit   'lodash.once': [ '4.1.1' ],
15 silly audit   long: [ '5.3.2' ],
15 silly audit   'loose-envify': [ '1.4.0' ],
15 silly audit   'lru-memoizer': [ '2.3.0' ],
15 silly audit   yallist: [ '4.0.0', '3.1.1' ],
15 silly audit   'lucide-react': [ '1.7.0' ],
15 silly audit   'math-intrinsics': [ '1.1.0' ],
15 silly audit   'media-typer': [ '1.1.0' ],
15 silly audit   'merge-descriptors': [ '2.0.0' ],
15 silly audit   'merge-stream': [ '2.0.0' ],
15 silly audit   merge2: [ '1.4.1' ],
15 silly audit   micromatch: [ '4.0.8' ],
15 silly audit   picomatch: [ '2.3.2', '4.0.4' ],
15 silly audit   mime: [ '3.0.0' ],
15 silly audit   'mimic-fn': [ '2.1.0' ],
15 silly audit   miniflare: [ '4.20260401.0' ],
15 silly audit   sharp: [ '0.34.5' ],
15 silly audit   undici: [ '7.24.4', '6.19.7' ],
15 silly audit   minimist: [ '1.2.8' ],
15 silly audit   mkdirp: [ '1.0.4' ],
15 silly audit   mnemonist: [ '0.38.3' ],
15 silly audit   'motion-dom': [ '11.18.1' ],
15 silly audit   'motion-utils': [ '11.18.1' ],
15 silly audit   ms: [ '2.1.3' ],
15 silly audit   nanoid: [ '3.3.11' ],
15 silly audit   'napi-postinstall': [ '0.3.4' ],
15 silly audit   'natural-compare': [ '1.4.0' ],
15 silly audit   negotiator: [ '1.0.0' ],
15 silly audit   next: [ '16.2.2' ],
15 silly audit   'node-domexception': [ '1.0.0' ],
15 silly audit   'node-exports-info': [ '1.6.0' ],
15 silly audit   'node-fetch': [ '2.7.0' ],
15 silly audit   'node-forge': [ '1.4.0' ],
15 silly audit   'node-releases': [ '2.0.37' ],
15 silly audit   'npm-run-path': [ '4.0.1' ],
15 silly audit   'object-assign': [ '4.1.1' ],
15 silly audit   'object-hash': [ '3.0.0' ],
15 silly audit   'object-inspect': [ '1.13.4' ],
15 silly audit   'object-keys': [ '1.1.1' ],
15 silly audit   'object-treeify': [ '1.1.33' ],
15 silly audit   'object.assign': [ '4.1.7' ],
15 silly audit   'object.entries': [ '1.1.9' ],
15 silly audit   'object.fromentries': [ '2.0.8' ],
15 silly audit   'object.groupby': [ '1.0.3' ],
15 silly audit   'object.values': [ '1.2.1' ],
15 silly audit   obliterator: [ '1.6.1' ],
15 silly audit   'on-finished': [ '2.4.1' ],
15 silly audit   once: [ '1.4.0' ],
15 silly audit   onetime: [ '5.1.2' ],
15 silly audit   optionator: [ '0.9.4' ],
15 silly audit   'own-keys': [ '1.0.1' ],
15 silly audit   'p-limit': [ '3.1.0' ],
15 silly audit   'p-locate': [ '5.0.0' ],
15 silly audit   'package-json-from-dist': [ '1.0.1' ],
15 silly audit   parseurl: [ '1.3.3' ],
15 silly audit   'path-exists': [ '4.0.0' ],
15 silly audit   'path-expression-matcher': [ '1.2.0' ],
15 silly audit   'path-key': [ '3.1.1' ],
15 silly audit   'path-parse': [ '1.0.7' ],
15 silly audit   'path-to-regexp': [ '6.3.0', '8.4.2' ],
15 silly audit   pathe: [ '2.0.3' ],
15 silly audit   picocolors: [ '1.1.1' ],
15 silly audit   'possible-typed-array-names': [ '1.1.0' ],
15 silly audit   postcss: [ '8.4.31' ],
15 silly audit   'prelude-ls': [ '1.2.1' ],
15 silly audit   'prop-types': [ '15.8.1' ],
15 silly audit   'proto3-json-serializer': [ '2.0.2' ],
15 silly audit   protobufjs: [ '7.5.4' ],
15 silly audit   'proxy-addr': [ '2.0.7' ],
15 silly audit   punycode: [ '2.3.1' ],
15 silly audit   qs: [ '6.15.0' ],
15 silly audit   'queue-microtask': [ '1.2.3' ],
15 silly audit   'range-parser': [ '1.2.1' ],
15 silly audit   'raw-body': [ '3.0.2' ],
15 silly audit   react: [ '18.3.1' ],
15 silly audit   'react-dom': [ '18.3.1' ],
15 silly audit   'react-hot-toast': [ '2.6.0' ],
15 silly audit   'react-is': [ '16.13.1' ],
15 silly audit   'readable-stream': [ '3.6.2' ],
15 silly audit   'reflect.getprototypeof': [ '1.0.10' ],
15 silly audit   'regexp.prototype.flags': [ '1.5.4' ],
15 silly audit   'require-directory': [ '2.1.1' ],
15 silly audit   resolve: [ '2.0.0-next.6' ],
15 silly audit   'resolve-pkg-maps': [ '1.0.0' ],
15 silly audit   retry: [ '0.13.1' ],
15 silly audit   'retry-request': [ '7.0.2' ],
15 silly audit   reusify: [ '1.1.0' ],
15 silly audit   router: [ '2.2.0' ],
15 silly audit   'run-parallel': [ '1.2.0' ],
15 silly audit   'safe-array-concat': [ '1.1.3' ],
15 silly audit   'safe-buffer': [ '5.2.1' ],
15 silly audit   'safe-push-apply': [ '1.0.0' ],
15 silly audit   'safe-regex-test': [ '1.1.0' ],
15 silly audit   'safer-buffer': [ '2.1.2' ],
15 silly audit   scheduler: [ '0.23.2' ],
15 silly audit   send: [ '1.2.1' ],
15 silly audit   'serve-static': [ '2.2.1' ],
15 silly audit   'set-function-length': [ '1.2.2' ],
15 silly audit   'set-function-name': [ '2.0.2' ],
15 silly audit   'set-proto': [ '1.0.0' ],
15 silly audit   setprototypeof: [ '1.2.0' ],
15 silly audit   'shebang-command': [ '2.0.0' ],
15 silly audit   'shebang-regex': [ '3.0.0' ],
15 silly audit   'side-channel': [ '1.1.0' ],
15 silly audit   'side-channel-list': [ '1.0.0' ],
15 silly audit   'side-channel-map': [ '1.0.1' ],
15 silly audit   'side-channel-weakmap': [ '1.0.2' ],
15 silly audit   'source-map': [ '0.6.1' ],
15 silly audit   'source-map-js': [ '1.2.1' ],
15 silly audit   'source-map-support': [ '0.5.21' ],
15 silly audit   'stable-hash': [ '0.0.5' ],
15 silly audit   statuses: [ '2.0.2' ],
15 silly audit   'stop-iteration-iterator': [ '1.1.0' ],
15 silly audit   'stream-events': [ '1.0.5' ],
15 silly audit   'stream-shift': [ '1.0.3' ],
15 silly audit   string_decoder: [ '1.3.0' ],
15 silly audit   'string.prototype.includes': [ '2.0.1' ],
15 silly audit   'string.prototype.matchall': [ '4.0.12' ],
15 silly audit   'string.prototype.repeat': [ '1.0.0' ],
15 silly audit   'string.prototype.trim': [ '1.2.10' ],
15 silly audit   'string.prototype.trimend': [ '1.0.9' ],
15 silly audit   'string.prototype.trimstart': [ '1.0.8' ],
15 silly audit   'strip-bom': [ '3.0.0' ],
15 silly audit   'strip-final-newline': [ '2.0.0' ],
15 silly audit   strnum: [ '2.2.2' ],
15 silly audit   stubs: [ '3.0.0' ],
15 silly audit   'styled-jsx': [ '5.1.6' ],
15 silly audit   'supports-color': [ '10.2.2' ],
15 silly audit   'supports-preserve-symlinks-flag': [ '1.0.0' ],
15 silly audit   terser: [ '5.16.9' ],
15 silly audit   tinyglobby: [ '0.2.15' ],
15 silly audit   'to-regex-range': [ '5.0.1' ],
15 silly audit   toidentifier: [ '1.0.1' ],
15 silly audit   tr46: [ '0.0.3' ],
15 silly audit   'ts-api-utils': [ '2.5.0' ],
15 silly audit   'ts-tqdm': [ '0.8.6' ],
15 silly audit   tslib: [ '2.8.1' ],
15 silly audit   'type-check': [ '0.4.0' ],
15 silly audit   'type-is': [ '2.0.1' ],
15 silly audit   'typed-array-buffer': [ '1.0.3' ],
15 silly audit   'typed-array-byte-length': [ '1.0.3' ],
15 silly audit   'typed-array-byte-offset': [ '1.0.4' ],
15 silly audit   'typed-array-length': [ '1.0.7' ],
15 silly audit   'typescript-eslint': [ '8.58.0' ],
15 silly audit   'unbox-primitive': [ '1.1.0' ],
15 silly audit   unenv: [ '2.0.0-rc.24' ],
15 silly audit   unpipe: [ '1.0.0' ],
15 silly audit   'unrs-resolver': [ '1.11.1' ],
15 silly audit   'update-browserslist-db': [ '1.2.3' ],
15 silly audit   'uri-js': [ '4.4.1' ],
15 silly audit   'urlpattern-polyfill': [ '10.1.0' ],
15 silly audit   'util-deprecate': [ '1.0.2' ],
15 silly audit   vary: [ '1.1.2' ],
15 silly audit   'web-streams-polyfill': [ '4.0.0-beta.3' ],
15 silly audit   'webidl-conversions': [ '3.0.1' ],
15 silly audit   'websocket-driver': [ '0.7.4' ],
15 silly audit   'websocket-extensions': [ '0.1.4' ],
15 silly audit   'whatwg-url': [ '5.0.0' ],
15 silly audit   'which-boxed-primitive': [ '1.1.1' ],
15 silly audit   'which-builtin-type': [ '1.2.1' ],
15 silly audit   'which-collection': [ '1.0.2' ],
15 silly audit   'which-typed-array': [ '1.1.20' ],
15 silly audit   'word-wrap': [ '1.2.5' ],
15 silly audit   workerd: [ '1.20260401.1' ],
15 silly audit   wrangler: [ '4.80.0' ],
15 silly audit   wrappy: [ '1.0.2' ],
15 silly audit   ws: [ '8.18.0' ],
15 silly audit   y18n: [ '5.0.8' ],
15 silly audit   yaml: [ '2.8.3' ],
15 silly audit   'yocto-queue': [ '0.1.0' ],
15 silly audit   youch: [ '4.1.0-beta.10' ],
15 silly audit   'youch-core': [ '0.3.3' ],
15 silly audit   zod: [ '4.3.6' ],
15 silly audit   'zod-validation-error': [ '4.0.2' ]
15 silly audit }
16 http cache fsevents@https://registry.npmjs.org/fsevents/-/fsevents-2.3.3.tgz 0ms (cache hit)
17 http fetch POST 200 https://registry.npmjs.org/-/npm/v1/security/advisories/bulk 620ms
18 silly audit report {
18 silly audit report   '@tootallnate/once': [
18 silly audit report     {
18 silly audit report       id: 1113977,
18 silly audit report       url: 'https://github.com/advisories/GHSA-vpq2-c234-7xj6',
18 silly audit report       title: '@tootallnate/once vulnerable to Incorrect Control Flow Scoping',
18 silly audit report       severity: 'low',
18 silly audit report       vulnerable_versions: '<3.0.1',
18 silly audit report       cwe: [Array],
18 silly audit report       cvss: [Object]
18 silly audit report     }
18 silly audit report   ],
18 silly audit report   undici: [
18 silly audit report     {
18 silly audit report       id: 1101609,
18 silly audit report       url: 'https://github.com/advisories/GHSA-c76h-2ccp-4975',
18 silly audit report       title: 'Use of Insufficiently Random Values in undici',
18 silly audit report       severity: 'moderate',
18 silly audit report       vulnerable_versions: '>=6.0.0 <6.21.1',
18 silly audit report       cwe: [Array],
18 silly audit report       cvss: [Object]
18 silly audit report     },
18 silly audit report     {
18 silly audit report       id: 1112496,
18 silly audit report       url: 'https://github.com/advisories/GHSA-g9mf-h72j-4rw9',
18 silly audit report       title: 'Undici has an unbounded decompression chain in HTTP responses on Node.js Fetch API via Content-Encoding leads to resource exhaustion',
18 silly audit report       severity: 'moderate',
18 silly audit report       vulnerable_versions: '<6.23.0',
18 silly audit report       cwe: [Array],
18 silly audit report       cvss: [Object]
18 silly audit report     },
18 silly audit report     {
18 silly audit report       id: 1113068,
18 silly audit report       url: 'https://github.com/advisories/GHSA-cxrh-j4jr-qwg3',
18 silly audit report       title: 'undici Denial of Service attack via bad certificate data',
18 silly audit report       severity: 'low',
18 silly audit report       vulnerable_versions: '>=6.0.0 <6.21.2',
18 silly audit report       cwe: [Array],
18 silly audit report       cvss: [Object]
18 silly audit report     },
18 silly audit report     {
18 silly audit report       id: 1114592,
18 silly audit report       url: 'https://github.com/advisories/GHSA-f269-vfmq-vjvj',
18 silly audit report       title: 'Undici: Malicious WebSocket 64-bit length overflows parser and crashes the client',
18 silly audit report       severity: 'high',
18 silly audit report       vulnerable_versions: '>=6.0.0 <6.24.0',
18 silly audit report       cwe: [Array],
18 silly audit report       cvss: [Object]
18 silly audit report     },
18 silly audit report     {
18 silly audit report       id: 1114594,
18 silly audit report       url: 'https://github.com/advisories/GHSA-2mjp-6q6p-2qxm',
18 silly audit report       title: 'Undici has an HTTP Request/Response Smuggling issue',
18 silly audit report       severity: 'moderate',
18 silly audit report       vulnerable_versions: '<6.24.0',
18 silly audit report       cwe: [Array],
18 silly audit report       cvss: [Object]
18 silly audit report     },
18 silly audit report     {
18 silly audit report       id: 1114638,
18 silly audit report       url: 'https://github.com/advisories/GHSA-vrm6-8vpv-qv8q',
18 silly audit report       title: 'Undici has Unbounded Memory Consumption in WebSocket permessage-deflate Decompression',
18 silly audit report       severity: 'high',
18 silly audit report       vulnerable_versions: '<6.24.0',
18 silly audit report       cwe: [Array],
18 silly audit report       cvss: [Object]
18 silly audit report     },
18 silly audit report     {
18 silly audit report       id: 1114640,
18 silly audit report       url: 'https://github.com/advisories/GHSA-v9p9-hfj2-hcw8',
18 silly audit report       title: 'Undici has Unhandled Exception in WebSocket Client Due to Invalid server_max_window_bits Validation',
18 silly audit report       severity: 'high',
18 silly audit report       vulnerable_versions: '<6.24.0',
18 silly audit report       cwe: [Array],
18 silly audit report       cvss: [Object]
18 silly audit report     },
18 silly audit report     {
18 silly audit report       id: 1114642,
18 silly audit report       url: 'https://github.com/advisories/GHSA-4992-7rv2-5pvq',
18 silly audit report       title: 'Undici has CRLF Injection in undici via `upgrade` option',
18 silly audit report       severity: 'moderate',
18 silly audit report       vulnerable_versions: '<6.24.0',
18 silly audit report       cwe: [Array],
18 silly audit report       cvss: [Object]
18 silly audit report     }
18 silly audit report   ]
18 silly audit report }
19 silly packumentCache corgi:https://registry.npmjs.org/@tootallnate%2fonce cache-miss
20 silly packumentCache corgi:https://registry.npmjs.org/undici cache-miss
21 http cache https://registry.npmjs.org/@tootallnate%2fonce 8ms (cache hit)
22 silly packumentCache corgi:https://registry.npmjs.org/@tootallnate%2fonce set size:10818 disposed:false
23 http cache https://registry.npmjs.org/undici 9ms (cache hit)
24 silly packumentCache corgi:https://registry.npmjs.org/undici set size:423576 disposed:false
25 silly packumentCache corgi:https://registry.npmjs.org/http-proxy-agent cache-miss
26 http cache https://registry.npmjs.org/http-proxy-agent 2ms (cache hit)
27 silly packumentCache corgi:https://registry.npmjs.org/http-proxy-agent set size:24577 disposed:false
28 silly packumentCache corgi:https://registry.npmjs.org/@firebase%2fauth cache-miss
29 silly packumentCache corgi:https://registry.npmjs.org/@firebase%2fauth-compat cache-miss
30 silly packumentCache corgi:https://registry.npmjs.org/@firebase%2ffirestore cache-miss
31 silly packumentCache corgi:https://registry.npmjs.org/@firebase%2ffunctions cache-miss
32 silly packumentCache corgi:https://registry.npmjs.org/@firebase%2fstorage cache-miss
33 http cache https://registry.npmjs.org/@firebase%2fauth-compat 12ms (cache hit)
34 silly packumentCache corgi:https://registry.npmjs.org/@firebase%2fauth-compat set size:2392858 disposed:false
35 http cache https://registry.npmjs.org/@firebase%2fauth 34ms (cache hit)
36 silly packumentCache corgi:https://registry.npmjs.org/@firebase%2fauth set size:6296325 disposed:false
37 http cache https://registry.npmjs.org/@firebase%2ffunctions 74ms (cache hit)
38 silly packumentCache corgi:https://registry.npmjs.org/@firebase%2ffunctions set size:6812288 disposed:false
39 http cache https://registry.npmjs.org/@firebase%2ffirestore 115ms (cache hit)
40 silly packumentCache corgi:https://registry.npmjs.org/@firebase%2ffirestore set size:8957937 disposed:false
41 http cache https://registry.npmjs.org/@firebase%2fstorage 175ms (cache hit)
42 silly packumentCache corgi:https://registry.npmjs.org/@firebase%2fstorage set size:6470396 disposed:false
43 silly packumentCache corgi:https://registry.npmjs.org/teeny-request cache-miss
44 http cache https://registry.npmjs.org/teeny-request 2ms (cache hit)
45 silly packumentCache corgi:https://registry.npmjs.org/teeny-request set size:97803 disposed:false
46 silly packumentCache corgi:https://registry.npmjs.org/firebase cache-miss
47 http cache https://registry.npmjs.org/firebase 12ms (cache hit)
48 silly packumentCache corgi:https://registry.npmjs.org/firebase set size:9787849 disposed:false
49 silly packumentCache corgi:https://registry.npmjs.org/@firebase%2ffunctions-compat cache-miss
50 http cache https://registry.npmjs.org/@firebase%2ffunctions-compat 34ms (cache hit)
51 silly packumentCache corgi:https://registry.npmjs.org/@firebase%2ffunctions-compat set size:2207243 disposed:false
52 silly packumentCache corgi:https://registry.npmjs.org/@firebase%2ffirestore-compat cache-miss
53 http cache https://registry.npmjs.org/@firebase%2ffirestore-compat 31ms (cache hit)
54 silly packumentCache corgi:https://registry.npmjs.org/@firebase%2ffirestore-compat set size:2462855 disposed:false
55 silly packumentCache corgi:https://registry.npmjs.org/@firebase%2fstorage-compat cache-miss
56 http cache https://registry.npmjs.org/@firebase%2fstorage-compat 30ms (cache hit)
57 silly packumentCache corgi:https://registry.npmjs.org/@firebase%2fstorage-compat set size:2217674 disposed:false
58 silly packumentCache corgi:https://registry.npmjs.org/@google-cloud%2fstorage cache-miss
59 silly packumentCache corgi:https://registry.npmjs.org/retry-request cache-miss
60 http cache https://registry.npmjs.org/@google-cloud%2fstorage 2ms (cache hit)
61 silly packumentCache corgi:https://registry.npmjs.org/@google-cloud%2fstorage set size:478103 disposed:false
62 http cache https://registry.npmjs.org/retry-request 8ms (cache hit)
63 silly packumentCache corgi:https://registry.npmjs.org/retry-request set size:40804 disposed:false
64 silly packumentCache corgi:https://registry.npmjs.org/firebase-admin cache-miss
65 http cache https://registry.npmjs.org/firebase-admin 2ms (cache hit)
66 silly packumentCache corgi:https://registry.npmjs.org/firebase-admin set size:336229 disposed:false
67 silly packumentCache corgi:https://registry.npmjs.org/google-gax cache-miss
68 http cache https://registry.npmjs.org/google-gax 3ms (cache hit)
69 silly packumentCache corgi:https://registry.npmjs.org/google-gax set size:997085 disposed:false
70 silly packumentCache corgi:https://registry.npmjs.org/@google-cloud%2ffirestore cache-miss
71 http cache https://registry.npmjs.org/@google-cloud%2ffirestore 2ms (cache hit)
72 silly packumentCache corgi:https://registry.npmjs.org/@google-cloud%2ffirestore set size:326484 disposed:false
73 silly ADD node_modules/fsevents
74 verbose cwd /Users/shivam/Downloads/Current Projects/StudentResource
75 verbose os Darwin 25.4.0
76 verbose node v24.14.0
77 verbose npm  v11.12.0
78 verbose exit 0
79 info ok
